0 info it worked if it ends with ok
1 verbose cli [ '/usr/bin/node', '/usr/bin/npm', 'completion' ]
2 info using npm@3.5.2
3 info using node@v8.10.0
4 verbose stack Error: EACCES: permission denied, mkdir '/home/fancyferret'
5 verbose cwd /home/fullchee/.config/autostart
6 error Linux 4.15.0-23-generic
7 error argv "/usr/bin/node" "/usr/bin/npm" "completion"
8 error node v8.10.0
9 error npm  v3.5.2
10 error path /home/fancyferret
11 error code EACCES
12 error errno -13
13 error syscall mkdir
14 error Error: EACCES: permission denied, mkdir '/home/fancyferret'
14 error  { Error: EACCES: permission denied, mkdir '/home/fancyferret'
14 error   errno: -13,
14 error   code: 'EACCES',
14 error   syscall: 'mkdir',
14 error   path: '/home/fancyferret' }
15 error Please try running this command again as root/Administrator.
16 verbose exit [ -13, true ]
